<?xml version="1.0" encoding="UTF-8"?>
<!-- Generated by org.testng.reporters.JUnitReportReporter -->
<testsuite hostname="BINTERNS-QA17L" failures="0" tests="2" name="Annotations_Sel.AllAnnotations" time="0.005" errors="0" timestamp="2023-03-07T17:16:25 IST" skipped="0">
  <testcase classname="Annotations_Sel.AllAnnotations" name="f2" time="0.001"/>
  <system-out/>
  <testcase classname="Annotations_Sel.AllAnnotations" name="f1" time="0.004"/>
  <system-out/>
</testsuite> <!-- Annotations_Sel.AllAnnotations -->
