<?xml version="1.0" encoding="UTF-8"?>
<!-- Generated by org.testng.reporters.JUnitReportReporter -->
<testsuite hostname="BINTERNS-QA17L" failures="0" tests="2" name="Data_DrivenTesting.Q2" time="2.168" errors="0" timestamp="2023-03-09T15:26:54 IST" skipped="0">
  <testcase classname="Data_DrivenTesting.Q2" name="link_URL" time="2.125"/>
  <system-out/>
  <testcase classname="Data_DrivenTesting.Q2" name="Count" time="0.043"/>
  <system-out/>
</testsuite> <!-- Data_DrivenTesting.Q2 -->
