<?xml version="1.0" encoding="UTF-8"?>
<!-- Generated by org.testng.reporters.JUnitReportReporter -->
<testsuite hostname="BINTERNS-QA17L" failures="0" tests="3" name="Data_DrivenTesting.Q3" time="8.169" errors="0" timestamp="2023-03-09T15:33:49 IST" skipped="0">
  <testcase classname="Data_DrivenTesting.Q3" name="OUrl" time="2.434"/>
  <system-out/>
  <testcase classname="Data_DrivenTesting.Q3" name="OUrl" time="3.019"/>
  <system-out/>
  <testcase classname="Data_DrivenTesting.Q3" name="OUrl" time="2.716"/>
  <system-out/>
</testsuite> <!-- Data_DrivenTesting.Q3 -->
