<?xml version="1.0" encoding="UTF-8"?>
<!-- Generated by org.testng.reporters.JUnitReportReporter -->
<testsuite hostname="BINTERNS-QA17L" failures="0" tests="4" name="Annotations_Sel.Test1" time="0.008" errors="0" timestamp="2023-03-07T16:12:27 IST" skipped="0">
  <testcase classname="Annotations_Sel.Test1" name="l1" time="0.002"/>
  <system-out/>
  <testcase classname="Annotations_Sel.Test1" name="search" time="0.001"/>
  <system-out/>
  <testcase classname="Annotations_Sel.Test1" name="ADSearch" time="0.001"/>
  <system-out/>
  <testcase classname="Annotations_Sel.Test1" name="lo1" time="0.004"/>
  <system-out/>
</testsuite> <!-- Annotations_Sel.Test1 -->
