<?xml version="1.0" encoding="UTF-8"?>
<!-- Generated by org.testng.reporters.JUnitReportReporter -->
<testsuite hostname="BINTERNS-QA17L" failures="0" tests="3" name="GroupingAndDataProvider.TestG" time="0.002" errors="0" timestamp="2023-03-07T16:12:27 IST" skipped="0">
  <testcase classname="GroupingAndDataProvider.TestG" name="LoginByEmail" time="0.001"/>
  <system-out/>
  <testcase classname="GroupingAndDataProvider.TestG" name="LoginByFB" time="0.000"/>
  <system-out/>
  <testcase classname="GroupingAndDataProvider.TestG" name="LoginByTwitter" time="0.001"/>
  <system-out/>
</testsuite> <!-- GroupingAndDataProvider.TestG -->
